[debug] [2022-02-21T16:29:43.389Z] ----------------------------------------------------------------------
[debug] [2022-02-21T16:29:43.393Z] Command:       C:\Program Files\nodejs\node.exe C:\Users\ADMIN\AppData\Roaming\npm\node_modules\firebase-tools\lib\bin\firebase.js emulators:start
[debug] [2022-02-21T16:29:43.394Z] CLI Version:   10.2.1
[debug] [2022-02-21T16:29:43.394Z] Platform:      win32
[debug] [2022-02-21T16:29:43.394Z] Node Version:  v16.13.2
[debug] [2022-02-21T16:29:43.396Z] Time:          Mon Feb 21 2022 21:59:43 GMT+0530 (India Standard Time)
[debug] [2022-02-21T16:29:43.397Z] ----------------------------------------------------------------------
[debug] 
[debug] [2022-02-21T16:29:43.523Z] > command requires scopes: ["email","openid","https://www.googleapis.com/auth/cloudplatformprojects.readonly","https://www.googleapis.com/auth/firebase","https://www.googleapis.com/auth/cloud-platform"]
[debug] [2022-02-21T16:29:43.524Z] > authorizing via signed-in user (gulamnabimundas@gmail.com)
[info] i  emulators: Starting emulators: functions, hosting {"metadata":{"emulator":{"name":"hub"},"message":"Starting emulators: functions, hosting"}}
[debug] [2022-02-21T16:29:43.577Z] [hub] writing locator at C:\Users\ADMIN\AppData\Local\Temp\hub-clone-5cc33.json
[warn] !  functions: The following emulators are not running, calls to these services from the Functions emulator will affect production: auth, firestore, database, pubsub, storage {"metadata":{"emulator":{"name":"functions"},"message":"The following emulators are not running, calls to these services from the Functions emulator will affect production: \u001b[1mauth, firestore, database, pubsub, storage\u001b[22m"}}
[info] +  functions: Using node@16 from host. {"metadata":{"emulator":{"name":"functions"},"message":"Using node@16 from host."}}
[debug] [2022-02-21T16:29:43.606Z] defaultcredentials: writing to file C:\Users\ADMIN\AppData\Roaming\firebase\gulamnabimundas_gmail_com_application_default_credentials.json
[debug] [2022-02-21T16:29:43.622Z] Setting GAC to C:\Users\ADMIN\AppData\Roaming\firebase\gulamnabimundas_gmail_com_application_default_credentials.json {"metadata":{"emulator":{"name":"functions"},"message":"Setting GAC to C:\\Users\\ADMIN\\AppData\\Roaming\\firebase\\gulamnabimundas_gmail_com_application_default_credentials.json"}}
[debug] [2022-02-21T16:29:43.626Z] >>> [apiv2][query] GET https://firebase.googleapis.com/v1beta1/projects/clone-5cc33/adminSdkConfig [none]
[debug] [2022-02-21T16:29:44.075Z] <<< [apiv2][status] GET https://firebase.googleapis.com/v1beta1/projects/clone-5cc33/adminSdkConfig 200
[debug] [2022-02-21T16:29:44.076Z] <<< [apiv2][body] GET https://firebase.googleapis.com/v1beta1/projects/clone-5cc33/adminSdkConfig {"projectId":"clone-5cc33","storageBucket":"clone-5cc33.appspot.com","locationId":"us-central"}
[debug] [2022-02-21T16:29:44.139Z] >>> [apiv2][query] GET https://firebasehosting.googleapis.com/v1beta1/projects/clone-5cc33/sites 
[debug] [2022-02-21T16:29:45.843Z] <<< [apiv2][status] GET https://firebasehosting.googleapis.com/v1beta1/projects/clone-5cc33/sites 200
[debug] [2022-02-21T16:29:45.844Z] <<< [apiv2][body] GET https://firebasehosting.googleapis.com/v1beta1/projects/clone-5cc33/sites {"sites":[{"name":"projects/542587242981/sites/clone-5cc33","defaultUrl":"https://clone-5cc33.web.app","appId":"1:542587242981:web:98e454ce6e4bade513870c","type":"DEFAULT_SITE"}]}
[debug] [2022-02-21T16:29:45.844Z] >>> [apiv2][query] GET https://firebase.googleapis.com/v1beta1/projects/clone-5cc33/webApps/1:542587242981:web:98e454ce6e4bade513870c/config [none]
[debug] [2022-02-21T16:29:47.095Z] <<< [apiv2][status] GET https://firebase.googleapis.com/v1beta1/projects/clone-5cc33/webApps/1:542587242981:web:98e454ce6e4bade513870c/config 200
[debug] [2022-02-21T16:29:47.095Z] <<< [apiv2][body] GET https://firebase.googleapis.com/v1beta1/projects/clone-5cc33/webApps/1:542587242981:web:98e454ce6e4bade513870c/config {"projectId":"clone-5cc33","appId":"1:542587242981:web:98e454ce6e4bade513870c","storageBucket":"clone-5cc33.appspot.com","locationId":"us-central","apiKey":"AIzaSyCb2w9HFfqsyBYDnk9nOyu45gYapu16WUY","authDomain":"clone-5cc33.firebaseapp.com","messagingSenderId":"542587242981"}
[info] i  hosting: Serving hosting files from: public {"metadata":{"emulator":{"name":"hosting"},"message":"Serving hosting files from: \u001b[1mpublic\u001b[22m"}}
[info] +  hosting: Local server: http://localhost:5000 {"metadata":{"emulator":{"name":"hosting"},"message":"Local server: \u001b[4m\u001b[1mhttp://localhost:5000\u001b[22m\u001b[24m"}}
[info] i  ui: downloading ui-v1.6.5.zip... {"metadata":{"emulator":{"name":"ui"},"message":"downloading ui-v1.6.5.zip..."}}
[debug] [2022-02-21T16:29:47.624Z] >>> [apiv2][query] GET https://storage.googleapis.com/firebase-preview-drop/emulator/ui-v1.6.5.zip 
[debug] [2022-02-21T16:29:47.997Z] <<< [apiv2][status] GET https://storage.googleapis.com/firebase-preview-drop/emulator/ui-v1.6.5.zip 200
[debug] [2022-02-21T16:29:47.997Z] <<< [apiv2][body] GET https://storage.googleapis.com/firebase-preview-drop/emulator/ui-v1.6.5.zip [stream]
[info] i  ui: Removing outdated emulator files: ui-v1.6.4 {"metadata":{"emulator":{"name":"ui"},"message":"Removing outdated emulator files: ui-v1.6.4"}}
[info] i  ui: Removing outdated emulator files: ui-v1.6.4.zip {"metadata":{"emulator":{"name":"ui"},"message":"Removing outdated emulator files: ui-v1.6.4.zip"}}
[debug] [2022-02-21T16:29:49.964Z] Ignoring unsupported arg: auto_download {"metadata":{"emulator":{"name":"ui"},"message":"Ignoring unsupported arg: auto_download"}}
[debug] [2022-02-21T16:29:49.965Z] Ignoring unsupported arg: port {"metadata":{"emulator":{"name":"ui"},"message":"Ignoring unsupported arg: port"}}
[debug] [2022-02-21T16:29:49.965Z] Starting Emulator UI with command {"binary":"node","args":["C:\\Users\\ADMIN\\.cache\\firebase\\emulators\\ui-v1.6.5\\server.bundle.js"],"optionalArgs":[],"joinArgs":false} {"metadata":{"emulator":{"name":"ui"},"message":"Starting Emulator UI with command {\"binary\":\"node\",\"args\":[\"C:\\\\Users\\\\ADMIN\\\\.cache\\\\firebase\\\\emulators\\\\ui-v1.6.5\\\\server.bundle.js\"],\"optionalArgs\":[],\"joinArgs\":false}"}}
[info] i  ui: Emulator UI logging to ui-debug.log {"metadata":{"emulator":{"name":"ui"},"message":"Emulator UI logging to \u001b[1mui-debug.log\u001b[22m"}}
[debug] [2022-02-21T16:29:50.254Z] Web / API server started at localhost:4000
 {"metadata":{"emulator":{"name":"ui"},"message":"Web / API server started at localhost:4000\n"}}
[info] i  functions: Watching "D:\Projects\amazon-project-v1\amazon-clone\functions" for Cloud Functions... {"metadata":{"emulator":{"name":"functions"},"message":"Watching \"D:\\Projects\\amazon-project-v1\\amazon-clone\\functions\" for Cloud Functions..."}}
[debug] [2022-02-21T16:29:50.520Z] Validating nodejs source
[debug] [2022-02-21T16:29:57.826Z] > [functions] package.json contents: {
  "name": "functions",
  "description": "Cloud Functions for Firebase",
  "scripts": {
    "lint": "eslint .",
    "serve": "firebase emulators:start --only functions",
    "shell": "firebase functions:shell",
    "start": "npm run shell",
    "deploy": "firebase deploy --only functions",
    "logs": "firebase functions:log"
  },
  "engines": {
    "node": "16"
  },
  "main": "index.js",
  "dependencies": {
    "cors": "^2.8.5",
    "express": "^4.17.3",
    "firebase-admin": "^9.8.0",
    "firebase-functions": "^3.14.1",
    "stripe": "^8.203.0"
  },
  "devDependencies": {
    "eslint": "^7.6.0",
    "eslint-config-google": "^0.14.0",
    "firebase-functions-test": "^0.2.0"
  },
  "private": true
}
[debug] [2022-02-21T16:29:57.827Z] Building nodejs source
[debug] [2022-02-21T16:29:57.827Z] Analyzing nodejs backend spec
[info] +  functions[us-central1-api]: http function initialized (http://localhost:5001/clone-5cc33/us-central1/api). {"metadata":{"emulator":{"name":"functions"},"message":"\u001b[1mhttp\u001b[22m function initialized (http://localhost:5001/clone-5cc33/us-central1/api)."}}
[info] 
┌─────────────────────────────────────────────────────────────┐
│ ✔  All emulators ready! It is now safe to connect your app. │
│ i  View Emulator UI at http://localhost:4000                │
└─────────────────────────────────────────────────────────────┘

┌───────────┬────────────────┬─────────────────────────────────┐
│ Emulator  │ Host:Port      │ View in Emulator UI             │
├───────────┼────────────────┼─────────────────────────────────┤
│ Functions │ localhost:5001 │ http://localhost:4000/functions │
├───────────┼────────────────┼─────────────────────────────────┤
│ Hosting   │ localhost:5000 │ n/a                             │
└───────────┴────────────────┴─────────────────────────────────┘
  Emulator Hub running at localhost:4400
  Other reserved ports: 4500

Issues? Report them at https://github.com/firebase/firebase-tools/issues and attach the *-debug.log files.
 
[debug] [2022-02-21T16:30:42.187Z] [work-queue] {"queueLength":1,"workRunningCount":0}
[debug] [2022-02-21T16:30:42.188Z] [work-queue] {"queueLength":0,"workRunningCount":1}
[debug] [2022-02-21T16:30:42.189Z] Accepted request GET /clone-5cc33/us-central1/api/aalam --> us-central1-api
[debug] [2022-02-21T16:30:42.213Z] [worker-pool] addWorker(us-central1-api) {"metadata":{"emulator":{"name":"functions"},"message":"[worker-pool] addWorker(us-central1-api)"}}
[debug] [2022-02-21T16:30:42.214Z] [worker-pool] Adding worker with key us-central1-api, total=1 {"metadata":{"emulator":{"name":"functions"},"message":"[worker-pool] Adding worker with key us-central1-api, total=1"}}
[debug] [2022-02-21T16:30:42.214Z] [worker-pool] submitWork(triggerId=us-central1-api) {"metadata":{"emulator":{"name":"functions"},"message":"[worker-pool] submitWork(triggerId=us-central1-api)"}}
[debug] [2022-02-21T16:30:42.214Z] [worker-us-central1-api-1de1b349-8c03-48a9-b862-61024b088b26]: Assigning socketPath: \\?\pipe\D:\Projects\amazon-project-v1\amazon-clone\functions\10552 {"metadata":{"emulator":{"name":"functions"},"message":"[worker-us-central1-api-1de1b349-8c03-48a9-b862-61024b088b26]: Assigning socketPath: \\\\?\\pipe\\D:\\Projects\\amazon-project-v1\\amazon-clone\\functions\\10552"}}
[debug] [2022-02-21T16:30:42.215Z] [worker-us-central1-api-1de1b349-8c03-48a9-b862-61024b088b26]: BUSY {"metadata":{"emulator":{"name":"functions"},"message":"[worker-us-central1-api-1de1b349-8c03-48a9-b862-61024b088b26]: BUSY"}}
[debug] [2022-02-21T16:30:44.676Z] [runtime-status] [10552] Functions runtime initialized. {"cwd":"D:\\Projects\\amazon-project-v1\\amazon-clone\\functions","node_version":"16.13.2"} {"metadata":{"emulator":{"name":"functions"},"function":{"name":"us-central1-api"},"message":"[runtime-status] [10552] Functions runtime initialized. {\"cwd\":\"D:\\\\Projects\\\\amazon-project-v1\\\\amazon-clone\\\\functions\",\"node_version\":\"16.13.2\"}"}}
[debug] [2022-02-21T16:30:44.678Z] [runtime-status] [10552] Disabled runtime features: undefined {"metadata":{"emulator":{"name":"functions"},"function":{"name":"us-central1-api"},"message":"[runtime-status] [10552] Disabled runtime features: undefined"}}
[debug] [2022-02-21T16:30:44.683Z] [runtime-status] [10552] Resolved module firebase-admin {"declared":true,"installed":true,"version":"9.12.0","resolution":"D:\\Projects\\amazon-project-v1\\amazon-clone\\functions\\node_modules\\firebase-admin\\lib\\index.js"} {"metadata":{"emulator":{"name":"functions"},"function":{"name":"us-central1-api"},"message":"[runtime-status] [10552] Resolved module firebase-admin {\"declared\":true,\"installed\":true,\"version\":\"9.12.0\",\"resolution\":\"D:\\\\Projects\\\\amazon-project-v1\\\\amazon-clone\\\\functions\\\\node_modules\\\\firebase-admin\\\\lib\\\\index.js\"}"}}
[debug] [2022-02-21T16:30:44.686Z] [runtime-status] [10552] Resolved module firebase-functions {"declared":true,"installed":true,"version":"3.18.1","resolution":"D:\\Projects\\amazon-project-v1\\amazon-clone\\functions\\node_modules\\firebase-functions\\lib\\index.js"} {"metadata":{"emulator":{"name":"functions"},"function":{"name":"us-central1-api"},"message":"[runtime-status] [10552] Resolved module firebase-functions {\"declared\":true,\"installed\":true,\"version\":\"3.18.1\",\"resolution\":\"D:\\\\Projects\\\\amazon-project-v1\\\\amazon-clone\\\\functions\\\\node_modules\\\\firebase-functions\\\\lib\\\\index.js\"}"}}
[debug] [2022-02-21T16:30:44.687Z] [runtime-status] [10552] Outgoing network have been stubbed. [{"name":"http","status":"mocked"},{"name":"http","status":"mocked"},{"name":"https","status":"mocked"},{"name":"https","status":"mocked"},{"name":"net","status":"mocked"}] {"metadata":{"emulator":{"name":"functions"},"function":{"name":"us-central1-api"},"message":"[runtime-status] [10552] Outgoing network have been stubbed. [{\"name\":\"http\",\"status\":\"mocked\"},{\"name\":\"http\",\"status\":\"mocked\"},{\"name\":\"https\",\"status\":\"mocked\"},{\"name\":\"https\",\"status\":\"mocked\"},{\"name\":\"net\",\"status\":\"mocked\"}]"}}
[debug] [2022-02-21T16:30:44.688Z] [runtime-status] [10552] Resolved module firebase-functions {"declared":true,"installed":true,"version":"3.18.1","resolution":"D:\\Projects\\amazon-project-v1\\amazon-clone\\functions\\node_modules\\firebase-functions\\lib\\index.js"} {"metadata":{"emulator":{"name":"functions"},"function":{"name":"us-central1-api"},"message":"[runtime-status] [10552] Resolved module firebase-functions {\"declared\":true,\"installed\":true,\"version\":\"3.18.1\",\"resolution\":\"D:\\\\Projects\\\\amazon-project-v1\\\\amazon-clone\\\\functions\\\\node_modules\\\\firebase-functions\\\\lib\\\\index.js\"}"}}
[debug] [2022-02-21T16:30:44.775Z] [runtime-status] [10552] Checked functions.config() {"config":{}} {"metadata":{"emulator":{"name":"functions"},"function":{"name":"us-central1-api"},"message":"[runtime-status] [10552] Checked functions.config() {\"config\":{}}"}}
[debug] [2022-02-21T16:30:44.775Z] [runtime-status] [10552] firebase-functions has been stubbed. {"functionsResolution":{"declared":true,"installed":true,"version":"3.18.1","resolution":"D:\\Projects\\amazon-project-v1\\amazon-clone\\functions\\node_modules\\firebase-functions\\lib\\index.js"}} {"metadata":{"emulator":{"name":"functions"},"function":{"name":"us-central1-api"},"message":"[runtime-status] [10552] firebase-functions has been stubbed. {\"functionsResolution\":{\"declared\":true,\"installed\":true,\"version\":\"3.18.1\",\"resolution\":\"D:\\\\Projects\\\\amazon-project-v1\\\\amazon-clone\\\\functions\\\\node_modules\\\\firebase-functions\\\\lib\\\\index.js\"}}"}}
[debug] [2022-02-21T16:30:44.777Z] [runtime-status] [10552] Resolved module firebase-functions {"declared":true,"installed":true,"version":"3.18.1","resolution":"D:\\Projects\\amazon-project-v1\\amazon-clone\\functions\\node_modules\\firebase-functions\\lib\\index.js"} {"metadata":{"emulator":{"name":"functions"},"function":{"name":"us-central1-api"},"message":"[runtime-status] [10552] Resolved module firebase-functions {\"declared\":true,\"installed\":true,\"version\":\"3.18.1\",\"resolution\":\"D:\\\\Projects\\\\amazon-project-v1\\\\amazon-clone\\\\functions\\\\node_modules\\\\firebase-functions\\\\lib\\\\index.js\"}"}}
[debug] [2022-02-21T16:30:44.779Z] [runtime-status] [10552] Resolved module firebase-admin {"declared":true,"installed":true,"version":"9.12.0","resolution":"D:\\Projects\\amazon-project-v1\\amazon-clone\\functions\\node_modules\\firebase-admin\\lib\\index.js"} {"metadata":{"emulator":{"name":"functions"},"function":{"name":"us-central1-api"},"message":"[runtime-status] [10552] Resolved module firebase-admin {\"declared\":true,\"installed\":true,\"version\":\"9.12.0\",\"resolution\":\"D:\\\\Projects\\\\amazon-project-v1\\\\amazon-clone\\\\functions\\\\node_modules\\\\firebase-admin\\\\lib\\\\index.js\"}"}}
[debug] [2022-02-21T16:30:44.780Z] [runtime-status] [10552] Resolved module firebase-functions {"declared":true,"installed":true,"version":"3.18.1","resolution":"D:\\Projects\\amazon-project-v1\\amazon-clone\\functions\\node_modules\\firebase-functions\\lib\\index.js"} {"metadata":{"emulator":{"name":"functions"},"function":{"name":"us-central1-api"},"message":"[runtime-status] [10552] Resolved module firebase-functions {\"declared\":true,\"installed\":true,\"version\":\"3.18.1\",\"resolution\":\"D:\\\\Projects\\\\amazon-project-v1\\\\amazon-clone\\\\functions\\\\node_modules\\\\firebase-functions\\\\lib\\\\index.js\"}"}}
[debug] [2022-02-21T16:30:44.781Z] [runtime-status] [10552] firebase-admin has been stubbed. {"adminResolution":{"declared":true,"installed":true,"version":"9.12.0","resolution":"D:\\Projects\\amazon-project-v1\\amazon-clone\\functions\\node_modules\\firebase-admin\\lib\\index.js"}} {"metadata":{"emulator":{"name":"functions"},"function":{"name":"us-central1-api"},"message":"[runtime-status] [10552] firebase-admin has been stubbed. {\"adminResolution\":{\"declared\":true,\"installed\":true,\"version\":\"9.12.0\",\"resolution\":\"D:\\\\Projects\\\\amazon-project-v1\\\\amazon-clone\\\\functions\\\\node_modules\\\\firebase-admin\\\\lib\\\\index.js\"}}"}}
[debug] [2022-02-21T16:30:45.130Z] [runtime-status] [10552] Beginning invocation function api! {"metadata":{"emulator":{"name":"functions"},"function":{"name":"us-central1-api"},"message":"[runtime-status] [10552] Beginning invocation function api!"}}
[info] i  functions: Beginning execution of "api" {"metadata":{"emulator":{"name":"functions"},"function":{"name":"us-central1-api"},"message":"Beginning execution of \"api\""}}
[debug] [2022-02-21T16:30:45.132Z] [runtime-status] [10552] Running api in signature http {"metadata":{"emulator":{"name":"functions"},"function":{"name":"us-central1-api"},"message":"[runtime-status] [10552] Running api in signature http"}}
[debug] [2022-02-21T16:30:45.137Z] [runtime-status] [10552] Attempting to listen to socketPath: \\?\pipe\D:\Projects\amazon-project-v1\amazon-clone\functions\10552 {"metadata":{"emulator":{"name":"functions"},"function":{"name":"us-central1-api"},"message":"[runtime-status] [10552] Attempting to listen to socketPath: \\\\?\\pipe\\D:\\Projects\\amazon-project-v1\\amazon-clone\\functions\\10552"}}
[debug] [2022-02-21T16:30:45.144Z] [functions] Runtime ready! Sending request! {"metadata":{"emulator":{"name":"functions"},"message":"[functions] Runtime ready! Sending request!"}}
[debug] [2022-02-21T16:30:45.145Z] [functions] Got req.url=/clone-5cc33/us-central1/api/aalam, mapping to path=/aalam {"metadata":{"emulator":{"name":"functions"},"message":"[functions] Got req.url=/clone-5cc33/us-central1/api/aalam, mapping to path=/aalam"}}
[debug] [2022-02-21T16:30:45.153Z] [runtime-status] [10552] Ephemeral server handling GET request {"metadata":{"emulator":{"name":"functions"},"function":{"name":"us-central1-api"},"message":"[runtime-status] [10552] Ephemeral server handling GET request"}}
[debug] [2022-02-21T16:30:45.166Z] [runtime-status] [10552] Ephemeral server survived. {"metadata":{"emulator":{"name":"functions"},"function":{"name":"us-central1-api"},"message":"[runtime-status] [10552] Ephemeral server survived."}}
[info] i  functions: Finished "api" in ~1s {"metadata":{"emulator":{"name":"functions"},"function":{"name":"us-central1-api"},"message":"Finished \"api\" in ~1s"}}
[debug] [2022-02-21T16:30:45.169Z] [worker-us-central1-api-1de1b349-8c03-48a9-b862-61024b088b26]: IDLE {"metadata":{"emulator":{"name":"functions"},"message":"[worker-us-central1-api-1de1b349-8c03-48a9-b862-61024b088b26]: IDLE"}}
[debug] [2022-02-21T16:30:45.169Z] [work-queue] {"queueLength":0,"workRunningCount":0}
[debug] [2022-02-21T16:30:55.422Z] Functions emulator received unknown request at path /
[debug] [2022-02-21T16:30:55.515Z] Functions emulator received unknown request at path /favicon.ico
[debug] [2022-02-21T16:31:00.531Z] Functions emulator received unknown request at path /
[debug] [2022-02-21T16:31:40.295Z] [work-queue] {"queueLength":1,"workRunningCount":0}
[debug] [2022-02-21T16:31:40.296Z] [work-queue] {"queueLength":0,"workRunningCount":1}
[debug] [2022-02-21T16:31:40.296Z] Accepted request GET /clone-5cc33/us-central1/api --> us-central1-api
[debug] [2022-02-21T16:31:40.297Z] [worker-pool] submitWork(triggerId=us-central1-api) {"metadata":{"emulator":{"name":"functions"},"message":"[worker-pool] submitWork(triggerId=us-central1-api)"}}
[debug] [2022-02-21T16:31:40.297Z] [worker-us-central1-api-1de1b349-8c03-48a9-b862-61024b088b26]: Assigning socketPath: \\?\pipe\D:\Projects\amazon-project-v1\amazon-clone\functions\10552 {"metadata":{"emulator":{"name":"functions"},"message":"[worker-us-central1-api-1de1b349-8c03-48a9-b862-61024b088b26]: Assigning socketPath: \\\\?\\pipe\\D:\\Projects\\amazon-project-v1\\amazon-clone\\functions\\10552"}}
[debug] [2022-02-21T16:31:40.297Z] [worker-us-central1-api-1de1b349-8c03-48a9-b862-61024b088b26]: BUSY {"metadata":{"emulator":{"name":"functions"},"message":"[worker-us-central1-api-1de1b349-8c03-48a9-b862-61024b088b26]: BUSY"}}
[debug] [2022-02-21T16:31:40.299Z] [runtime-status] [10552] Beginning invocation function api! {"metadata":{"emulator":{"name":"functions"},"function":{"name":"us-central1-api"},"message":"[runtime-status] [10552] Beginning invocation function api!"}}
[info] i  functions: Beginning execution of "api" {"metadata":{"emulator":{"name":"functions"},"function":{"name":"us-central1-api"},"message":"Beginning execution of \"api\""}}
[debug] [2022-02-21T16:31:40.301Z] [runtime-status] [10552] Running api in signature http {"metadata":{"emulator":{"name":"functions"},"function":{"name":"us-central1-api"},"message":"[runtime-status] [10552] Running api in signature http"}}
[debug] [2022-02-21T16:31:40.304Z] [runtime-status] [10552] Attempting to listen to socketPath: \\?\pipe\D:\Projects\amazon-project-v1\amazon-clone\functions\10552 {"metadata":{"emulator":{"name":"functions"},"function":{"name":"us-central1-api"},"message":"[runtime-status] [10552] Attempting to listen to socketPath: \\\\?\\pipe\\D:\\Projects\\amazon-project-v1\\amazon-clone\\functions\\10552"}}
[debug] [2022-02-21T16:31:40.313Z] [functions] Runtime ready! Sending request! {"metadata":{"emulator":{"name":"functions"},"message":"[functions] Runtime ready! Sending request!"}}
[debug] [2022-02-21T16:31:40.314Z] [functions] Got req.url=/clone-5cc33/us-central1/api, mapping to path=/ {"metadata":{"emulator":{"name":"functions"},"message":"[functions] Got req.url=/clone-5cc33/us-central1/api, mapping to path=/"}}
[debug] [2022-02-21T16:31:40.318Z] [runtime-status] [10552] Ephemeral server handling GET request {"metadata":{"emulator":{"name":"functions"},"function":{"name":"us-central1-api"},"message":"[runtime-status] [10552] Ephemeral server handling GET request"}}
[debug] [2022-02-21T16:31:40.326Z] [runtime-status] [10552] Ephemeral server survived. {"metadata":{"emulator":{"name":"functions"},"function":{"name":"us-central1-api"},"message":"[runtime-status] [10552] Ephemeral server survived."}}
[info] i  functions: Finished "api" in ~1s {"metadata":{"emulator":{"name":"functions"},"function":{"name":"us-central1-api"},"message":"Finished \"api\" in ~1s"}}
[debug] [2022-02-21T16:31:40.328Z] [worker-us-central1-api-1de1b349-8c03-48a9-b862-61024b088b26]: IDLE {"metadata":{"emulator":{"name":"functions"},"message":"[worker-us-central1-api-1de1b349-8c03-48a9-b862-61024b088b26]: IDLE"}}
[debug] [2022-02-21T16:31:40.328Z] [work-queue] {"queueLength":0,"workRunningCount":0}
[debug] [2022-02-21T16:33:26.852Z] File D:\Projects\amazon-project-v1\amazon-clone\functions\index.js changed, reloading triggers {"metadata":{"emulator":{"name":"functions"},"message":"File D:\\Projects\\amazon-project-v1\\amazon-clone\\functions\\index.js changed, reloading triggers"}}
